c:\users\evonee\documents\cse 167\project_3\rasterizing\rasterizing\debug\vc120.pdb
c:\users\evonee\documents\cse 167\project_3\rasterizing\rasterizing\debug\vc120.idb
c:\users\evonee\documents\cse 167\project_3\rasterizing\rasterizing\debug\bunny.obj
c:\users\evonee\documents\cse 167\project_3\rasterizing\rasterizing\debug\camera.obj
c:\users\evonee\documents\cse 167\project_3\rasterizing\rasterizing\debug\cube.obj
c:\users\evonee\documents\cse 167\project_3\rasterizing\rasterizing\debug\dragon.obj
c:\users\evonee\documents\cse 167\project_3\rasterizing\rasterizing\debug\house.obj
c:\users\evonee\documents\cse 167\project_3\rasterizing\rasterizing\debug\matrix4.obj
c:\users\evonee\documents\cse 167\project_3\rasterizing\rasterizing\debug\model.obj
c:\users\evonee\documents\cse 167\project_3\rasterizing\rasterizing\debug\pointmodel.obj
c:\users\evonee\documents\cse 167\project_3\rasterizing\rasterizing\debug\projection.obj
c:\users\evonee\documents\cse 167\project_3\rasterizing\rasterizing\debug\rasterizer.obj
c:\users\evonee\documents\cse 167\project_3\rasterizing\rasterizing\debug\vector3.obj
c:\users\evonee\documents\cse 167\project_3\rasterizing\rasterizing\debug\vector4.obj
c:\users\evonee\documents\cse 167\project_3\rasterizing\rasterizing\debug\viewport.obj
c:\users\evonee\documents\cse 167\project_3\rasterizing\debug\rasterizing.ilk
c:\users\evonee\documents\cse 167\project_3\rasterizing\debug\rasterizing.exe
c:\users\evonee\documents\cse 167\project_3\rasterizing\debug\rasterizing.pdb
c:\users\evonee\documents\cse 167\project_3\rasterizing\rasterizing\debug\rasterizing.tlog\cl.command.1.tlog
c:\users\evonee\documents\cse 167\project_3\rasterizing\rasterizing\debug\rasterizing.tlog\cl.read.1.tlog
c:\users\evonee\documents\cse 167\project_3\rasterizing\rasterizing\debug\rasterizing.tlog\cl.write.1.tlog
c:\users\evonee\documents\cse 167\project_3\rasterizing\rasterizing\debug\rasterizing.tlog\link.command.1.tlog
c:\users\evonee\documents\cse 167\project_3\rasterizing\rasterizing\debug\rasterizing.tlog\link.read.1.tlog
c:\users\evonee\documents\cse 167\project_3\rasterizing\rasterizing\debug\rasterizing.tlog\link.write.1.tlog
