Build started 11/6/2014 8:15:47 PM.
     1>Project "C:\Users\Evonee\Documents\CSE 167\Project_3\Proj3\Rasterizing\Rasterizing\Rasterizing.vcxproj" on node 2 (Build target(s)).
     1>ClCompile:
         C:\Program Files (x86)\Microsoft Visual Studio 12.0\VC\bin\CL.exe /c /I"C:\glut\glut-3.7.6-bin" /ZI /nologo /W3 /WX- /sdl /Od /Oy- /D _MBCS /Gm /EHsc /RTC1 /MDd /GS /fp:precise /Zc:wchar_t /Zc:forScope /Fo"Debug\\" /Fd"Debug\vc120.pdb" /Gd /TP /analyze- /errorReport:prompt ..\Rasterizer.cpp
     1>cl : Command line warning D9028: minimal rebuild failure, reverting to normal build
         Rasterizer.cpp
       Link:
         C:\Program Files (x86)\Microsoft Visual Studio 12.0\VC\bin\link.exe /ERRORREPORT:PROMPT /OUT:"C:\Users\Evonee\Documents\CSE 167\Project_3\Proj3\Rasterizing\Debug\Rasterizing.exe" /INCREMENTAL /NOLOGO /LIBPATH:"C:\glut\glut-3.7.6-bin" kernel32.lib user32.lib gdi32.lib winspool.lib comdlg32.lib advapi32.lib shell32.lib ole32.lib oleaut32.lib uuid.lib odbc32.lib odbccp32.lib /MANIFEST /MANIFESTUAC:"level='asInvoker' uiAccess='false'" /manifest:embed /DEBUG /PDB:"C:\Users\Evonee\Documents\CSE 167\Project_3\Proj3\Rasterizing\Debug\Rasterizing.pdb" /TLBID:1 /DYNAMICBASE /NXCOMPAT /IMPLIB:"C:\Users\Evonee\Documents\CSE 167\Project_3\Proj3\Rasterizing\Debug\Rasterizing.lib" /MACHINE:X86 Debug\Bunny.obj
         Debug\Camera.obj
         Debug\cube.obj
         Debug\Dragon.obj
         Debug\House.obj
         Debug\Matrix4.obj
         Debug\Model.obj
         Debug\PointModel.obj
         Debug\Projection.obj
         Debug\Rasterizer.obj
         Debug\vector3.obj
         Debug\Vector4.obj
         Debug\Viewport.obj
         Rasterizing.vcxproj -> C:\Users\Evonee\Documents\CSE 167\Project_3\Proj3\Rasterizing\Debug\Rasterizing.exe
     1>Done Building Project "C:\Users\Evonee\Documents\CSE 167\Project_3\Proj3\Rasterizing\Rasterizing\Rasterizing.vcxproj" (Build target(s)).

Build succeeded.

Time Elapsed 00:00:07.75
